[2020-07-16 01:11:22] local.ERROR: Method Laravel\Lumen\Http\ResponseFactory::content does not exist.  
[2020-07-16 01:11:36] local.ERROR: Method Laravel\Lumen\Http\ResponseFactory::content does not exist.  
[2020-07-16 01:14:39] local.ERROR: Method Laravel\Lumen\Http\ResponseFactory::content does not exist.  
[2020-07-16 01:14:55] local.INFO: Topic  - "sss" is received  
[2020-07-16 01:16:17] local.INFO: Topic  - "sss" is received  
[2020-07-16 01:16:35] local.ERROR: Method Laravel\Lumen\Http\ResponseFactory::content does not exist.  
[2020-07-16 01:18:49] local.INFO: Topic topic1 - "sss" is received  
[2020-07-16 01:18:49] local.ERROR: Method Laravel\Lumen\Http\ResponseFactory::content does not exist.  
[2020-07-16 01:47:09] local.ERROR: Error: Call to undefined method Laravel\Lumen\Routing\Router::dispatch() in /Users/dennis/work/self/pub-sub-laravel/vendor/illuminate/support/Facades/Facade.php:261
Stack trace:
#0 /Users/dennis/work/self/pub-sub-laravel/app/Http/Controllers/Controller.php(50): Illuminate\Support\Facades\Facade::__callStatic('dispatch', Array)
#1 [internal function]: App\Http\Controllers\Controller->publish(Object(Laravel\Lumen\Http\Request), Object(GuzzleHttp\Client), 'topic1')
#2 /Users/dennis/work/self/pub-sub-laravel/vendor/illuminate/container/BoundMethod.php(37): call_user_func_array(Array, Array)
#3 /Users/dennis/work/self/pub-sub-laravel/vendor/illuminate/container/Util.php(37): Illuminate\Container\BoundMethod::Illuminate\Container\{closure}()
#4 /Users/dennis/work/self/pub-sub-laravel/vendor/illuminate/container/BoundMethod.php(95): Illuminate\Container\Util::unwrapIfClosure(Object(Closure))
#5 /Users/dennis/work/self/pub-sub-laravel/vendor/illuminate/container/BoundMethod.php(39): Illuminate\Container\BoundMethod::callBoundMethod(Object(Laravel\Lumen\Application), Array, Object(Closure))
#6 /Users/dennis/work/self/pub-sub-laravel/vendor/illuminate/container/Container.php(592): Illuminate\Container\BoundMethod::call(Object(Laravel\Lumen\Application), Array, Array, NULL)
#7 /Users/dennis/work/self/pub-sub-laravel/vendor/laravel/lumen-framework/src/Concerns/RoutesRequests.php(386): Illuminate\Container\Container->call(Array, Array)
#8 /Users/dennis/work/self/pub-sub-laravel/vendor/laravel/lumen-framework/src/Concerns/RoutesRequests.php(352): Laravel\Lumen\Application->callControllerCallable(Array, Array)
#9 /Users/dennis/work/self/pub-sub-laravel/vendor/laravel/lumen-framework/src/Concerns/RoutesRequests.php(326): Laravel\Lumen\Application->callLumenController(Object(App\Http\Controllers\Controller), 'publish', Array)
#10 /Users/dennis/work/self/pub-sub-laravel/vendor/laravel/lumen-framework/src/Concerns/RoutesRequests.php(279): Laravel\Lumen\Application->callControllerAction(Array)
#11 /Users/dennis/work/self/pub-sub-laravel/vendor/laravel/lumen-framework/src/Concerns/RoutesRequests.php(264): Laravel\Lumen\Application->callActionOnArrayBasedRoute(Array)
#12 /Users/dennis/work/self/pub-sub-laravel/vendor/laravel/lumen-framework/src/Concerns/RoutesRequests.php(234): Laravel\Lumen\Application->handleFoundRoute(Array)
#13 /Users/dennis/work/self/pub-sub-laravel/vendor/laravel/lumen-framework/src/Concerns/RoutesRequests.php(170): Laravel\Lumen\Application->handleDispatcherResponse(Array)
#14 /Users/dennis/work/self/pub-sub-laravel/vendor/laravel/lumen-framework/src/Concerns/RoutesRequests.php(426): Laravel\Lumen\Application->Laravel\Lumen\Concerns\{closure}(Object(Laravel\Lumen\Http\Request))
#15 /Users/dennis/work/self/pub-sub-laravel/vendor/laravel/lumen-framework/src/Concerns/RoutesRequests.php(172): Laravel\Lumen\Application->sendThroughPipeline(Array, Object(Closure))
#16 /Users/dennis/work/self/pub-sub-laravel/vendor/laravel/lumen-framework/src/Concerns/RoutesRequests.php(109): Laravel\Lumen\Application->dispatch(NULL)
#17 /Users/dennis/work/self/pub-sub-laravel/public/index.php(28): Laravel\Lumen\Application->run()
#18 {main} {"exception":"[object] (Error(code: 0): Call to undefined method Laravel\\Lumen\\Routing\\Router::dispatch() at /Users/dennis/work/self/pub-sub-laravel/vendor/illuminate/support/Facades/Facade.php:261)
[stacktrace]
#0 /Users/dennis/work/self/pub-sub-laravel/app/Http/Controllers/Controller.php(50): Illuminate\\Support\\Facades\\Facade::__callStatic('dispatch', Array)
#1 [internal function]: App\\Http\\Controllers\\Controller->publish(Object(Laravel\\Lumen\\Http\\Request), Object(GuzzleHttp\\Client), 'topic1')
#2 /Users/dennis/work/self/pub-sub-laravel/vendor/illuminate/container/BoundMethod.php(37): call_user_func_array(Array, Array)
#3 /Users/dennis/work/self/pub-sub-laravel/vendor/illuminate/container/Util.php(37): Illuminate\\Container\\BoundMethod::Illuminate\\Container\\{closure}()
#4 /Users/dennis/work/self/pub-sub-laravel/vendor/illuminate/container/BoundMethod.php(95): Illuminate\\Container\\Util::unwrapIfClosure(Object(Closure))
#5 /Users/dennis/work/self/pub-sub-laravel/vendor/illuminate/container/BoundMethod.php(39): Illuminate\\Container\\BoundMethod::callBoundMethod(Object(Laravel\\Lumen\\Application), Array, Object(Closure))
#6 /Users/dennis/work/self/pub-sub-laravel/vendor/illuminate/container/Container.php(592): Illuminate\\Container\\BoundMethod::call(Object(Laravel\\Lumen\\Application), Array, Array, NULL)
#7 /Users/dennis/work/self/pub-sub-laravel/vendor/laravel/lumen-framework/src/Concerns/RoutesRequests.php(386): Illuminate\\Container\\Container->call(Array, Array)
#8 /Users/dennis/work/self/pub-sub-laravel/vendor/laravel/lumen-framework/src/Concerns/RoutesRequests.php(352): Laravel\\Lumen\\Application->callControllerCallable(Array, Array)
#9 /Users/dennis/work/self/pub-sub-laravel/vendor/laravel/lumen-framework/src/Concerns/RoutesRequests.php(326): Laravel\\Lumen\\Application->callLumenController(Object(App\\Http\\Controllers\\Controller), 'publish', Array)
#10 /Users/dennis/work/self/pub-sub-laravel/vendor/laravel/lumen-framework/src/Concerns/RoutesRequests.php(279): Laravel\\Lumen\\Application->callControllerAction(Array)
#11 /Users/dennis/work/self/pub-sub-laravel/vendor/laravel/lumen-framework/src/Concerns/RoutesRequests.php(264): Laravel\\Lumen\\Application->callActionOnArrayBasedRoute(Array)
#12 /Users/dennis/work/self/pub-sub-laravel/vendor/laravel/lumen-framework/src/Concerns/RoutesRequests.php(234): Laravel\\Lumen\\Application->handleFoundRoute(Array)
#13 /Users/dennis/work/self/pub-sub-laravel/vendor/laravel/lumen-framework/src/Concerns/RoutesRequests.php(170): Laravel\\Lumen\\Application->handleDispatcherResponse(Array)
#14 /Users/dennis/work/self/pub-sub-laravel/vendor/laravel/lumen-framework/src/Concerns/RoutesRequests.php(426): Laravel\\Lumen\\Application->Laravel\\Lumen\\Concerns\\{closure}(Object(Laravel\\Lumen\\Http\\Request))
#15 /Users/dennis/work/self/pub-sub-laravel/vendor/laravel/lumen-framework/src/Concerns/RoutesRequests.php(172): Laravel\\Lumen\\Application->sendThroughPipeline(Array, Object(Closure))
#16 /Users/dennis/work/self/pub-sub-laravel/vendor/laravel/lumen-framework/src/Concerns/RoutesRequests.php(109): Laravel\\Lumen\\Application->dispatch(NULL)
#17 /Users/dennis/work/self/pub-sub-laravel/public/index.php(28): Laravel\\Lumen\\Application->run()
#18 {main}
"} 
[2020-07-16 01:53:09] local.INFO: Topic topic1 - 'sss' is received  
